0 info it worked if it ends with ok
1 verbose cli [ 'node',
1 verbose cli   '/usr/local/bin/npm',
1 verbose cli   'install',
1 verbose cli   '-g',
1 verbose cli   'cordova@3.5.0-0.2.6' ]
2 info using npm@2.11.3
3 info using node@v0.12.7
4 verbose install initial load of /usr/local/lib/package.json
5 verbose readDependencies loading dependencies from /usr/local/lib/package.json
6 silly cache add args [ 'cordova@3.5.0-0.2.6', null ]
7 verbose cache add spec cordova@3.5.0-0.2.6
8 silly cache add parsed spec { raw: 'cordova@3.5.0-0.2.6',
8 silly cache add   scope: null,
8 silly cache add   name: 'cordova',
8 silly cache add   rawSpec: '3.5.0-0.2.6',
8 silly cache add   spec: '3.5.0-0.2.6',
8 silly cache add   type: 'version' }
9 silly addNamed cordova@3.5.0-0.2.6
10 verbose addNamed "3.5.0-0.2.6" is a plain semver version for cordova
11 silly mapToRegistry name cordova
12 silly mapToRegistry using default registry
13 silly mapToRegistry registry https://registry.npmjs.org/
14 silly mapToRegistry uri https://registry.npmjs.org/cordova
15 verbose addNameVersion registry:https://registry.npmjs.org/cordova not in flight; fetching
16 verbose request uri https://registry.npmjs.org/cordova
17 verbose request no auth needed
18 info attempt registry request try #1 at 8:02:12 PM
19 verbose request id 5ec55211d043b5d5
20 verbose etag "DHOU8XSYBD9KPZ0YABQ0QWY9R"
21 http request GET https://registry.npmjs.org/cordova
22 http 200 https://registry.npmjs.org/cordova
23 silly get cb [ 200,
23 silly get   { server: 'CouchDB/1.5.0 (Erlang OTP/R16B03)',
23 silly get     etag: '"84UE024QB0D03RBGQLJXCWTY7"',
23 silly get     'content-type': 'application/json',
23 silly get     'cache-control': 'max-age=300',
23 silly get     'content-length': '371818',
23 silly get     'accept-ranges': 'bytes',
23 silly get     date: 'Mon, 14 Dec 2015 15:02:12 GMT',
23 silly get     via: '1.1 varnish',
23 silly get     age: '271',
23 silly get     connection: 'keep-alive',
23 silly get     'x-served-by': 'cache-fra1224-FRA',
23 silly get     'x-cache': 'HIT',
23 silly get     'x-cache-hits': '2',
23 silly get     'x-timer': 'S1450105332.861874,VS0,VE0',
23 silly get     vary: 'Accept' } ]
24 verbose get saving cordova to /Users/tashfeenahmed/.npm/registry.npmjs.org/cordova/.cache.json
25 silly mapToRegistry name cordova
26 silly mapToRegistry using default registry
27 silly mapToRegistry registry https://registry.npmjs.org/
28 silly mapToRegistry uri https://registry.npmjs.org/cordova
29 verbose addRemoteTarball https://registry.npmjs.org/cordova/-/cordova-3.5.0-0.2.6.tgz not in flight; adding
30 verbose addRemoteTarball [ 'https://registry.npmjs.org/cordova/-/cordova-3.5.0-0.2.6.tgz',
30 verbose addRemoteTarball   '8331f854734c2db5d2494a0e2b577fd6bcf26de8' ]
31 info retry fetch attempt 1 at 8:02:16 PM
32 info attempt registry request try #1 at 8:02:16 PM
33 http fetch GET https://registry.npmjs.org/cordova/-/cordova-3.5.0-0.2.6.tgz
34 http fetch 200 https://registry.npmjs.org/cordova/-/cordova-3.5.0-0.2.6.tgz
35 silly fetchAndShaCheck shasum 8331f854734c2db5d2494a0e2b577fd6bcf26de8
36 verbose addTmpTarball /var/folders/w9/h394yrj93jd964854k7mn12c0000gn/T/npm-32745-ae0c1aaf/registry.npmjs.org/cordova/-/cordova-3.5.0-0.2.6.tgz not in flight; adding
37 verbose addTmpTarball already have metadata; skipping unpack for cordova@3.5.0-0.2.6
38 silly cache afterAdd cordova@3.5.0-0.2.6
39 verbose afterAdd /Users/tashfeenahmed/.npm/cordova/3.5.0-0.2.6/package/package.json not in flight; writing
40 verbose afterAdd /Users/tashfeenahmed/.npm/cordova/3.5.0-0.2.6/package/package.json written
41 silly install resolved [ { name: 'cordova',
41 silly install resolved     version: '3.5.0-0.2.6',
41 silly install resolved     preferGlobal: 'true',
41 silly install resolved     description: 'Cordova command line interface tool',
41 silly install resolved     main: 'cordova',
41 silly install resolved     engines: { node: '>=0.9.9' },
41 silly install resolved     engineStrict: true,
41 silly install resolved     bin: { cordova: './bin/cordova' },
41 silly install resolved     scripts: { test: 'jasmine-node --color spec' },
41 silly install resolved     repository:
41 silly install resolved      { type: 'git',
41 silly install resolved        url: 'https://git-wip-us.apache.org/repos/asf/cordova-cli.git' },
41 silly install resolved     bugs:
41 silly install resolved      { url: 'https://issues.apache.org/jira/browse/CB',
41 silly install resolved        email: 'dev@cordova.apache.org' },
41 silly install resolved     keywords: [ 'cordova', 'client', 'cli' ],
41 silly install resolved     dependencies:
41 silly install resolved      { 'cordova-lib': '0.21.6',
41 silly install resolved        q: '~0.9',
41 silly install resolved        nopt: '~2',
41 silly install resolved        underscore: '1.4.4' },
41 silly install resolved     devDependencies: { 'jasmine-node': '~1' },
41 silly install resolved     author: { name: 'Anis Kadri' },
41 silly install resolved     contributors:
41 silly install resolved      [ [Object],
41 silly install resolved        [Object],
41 silly install resolved        [Object],
41 silly install resolved        [Object],
41 silly install resolved        [Object],
41 silly install resolved        [Object],
41 silly install resolved        [Object],
41 silly install resolved        [Object],
41 silly install resolved        [Object],
41 silly install resolved        [Object],
41 silly install resolved        [Object],
41 silly install resolved        [Object],
41 silly install resolved        [Object],
41 silly install resolved        [Object],
41 silly install resolved        [Object],
41 silly install resolved        [Object],
41 silly install resolved        [Object],
41 silly install resolved        [Object],
41 silly install resolved        [Object],
41 silly install resolved        [Object],
41 silly install resolved        [Object],
41 silly install resolved        [Object],
41 silly install resolved        [Object],
41 silly install resolved        [Object] ],
41 silly install resolved     license: 'Apache version 2.0',
41 silly install resolved     _id: 'cordova@3.5.0-0.2.6',
41 silly install resolved     dist:
41 silly install resolved      { shasum: '8331f854734c2db5d2494a0e2b577fd6bcf26de8',
41 silly install resolved        tarball: 'http://registry.npmjs.org/cordova/-/cordova-3.5.0-0.2.6.tgz' },
41 silly install resolved     _resolved: 'https://registry.npmjs.org/cordova/-/cordova-3.5.0-0.2.6.tgz',
41 silly install resolved     _from: 'cordova@3.5.0-0.2.6',
41 silly install resolved     _npmVersion: '1.4.3',
41 silly install resolved     _npmUser: { name: 'kamrik', email: 'kamrik@gmail.com' },
41 silly install resolved     maintainers:
41 silly install resolved      [ [Object],
41 silly install resolved        [Object],
41 silly install resolved        [Object],
41 silly install resolved        [Object],
41 silly install resolved        [Object],
41 silly install resolved        [Object],
41 silly install resolved        [Object],
41 silly install resolved        [Object],
41 silly install resolved        [Object],
41 silly install resolved        [Object],
41 silly install resolved        [Object] ],
41 silly install resolved     directories: {},
41 silly install resolved     _shasum: '8331f854734c2db5d2494a0e2b577fd6bcf26de8' } ]
42 info install cordova@3.5.0-0.2.6 into /usr/local/lib
43 info installOne cordova@3.5.0-0.2.6
44 verbose installOne of cordova to /usr/local/lib not in flight; installing
45 verbose lock using /Users/tashfeenahmed/.npm/_locks/cordova-fa12e2e096426a32.lock for /usr/local/lib/node_modules/cordova
46 silly install write writing cordova 3.5.0-0.2.6 to /usr/local/lib/node_modules/cordova
47 verbose unbuild lib/node_modules/cordova
48 info preuninstall cordova@5.4.1
49 info uninstall cordova@5.4.1
50 verbose unbuild rmStuff cordova@5.4.1 from /usr/local/lib/node_modules
51 silly gentlyRm /usr/local/bin/cordova is being gently removed
52 silly gentlyRm verifying /usr/local is an npm working directory
53 silly gentlyRm containing path /usr/local is under npm's control, in /usr/local
54 silly gentlyRm deletion target /usr/local/bin/cordova is under /usr/local
55 verbose gentlyRm vacuuming from /usr/local/bin/cordova up to /usr/local
56 silly vacuum-fs removing /usr/local/bin/cordova
57 silly vacuum-fs quitting because other entries in /usr/local/bin
58 info postuninstall cordova@5.4.1
59 silly gentlyRm /usr/local/lib/node_modules/cordova is being purged from base /usr/local
60 verbose gentlyRm don't care about contents; nuking /usr/local/lib/node_modules/cordova
61 silly vacuum-fs purging /usr/local/lib/node_modules/cordova
62 verbose unlock done using /Users/tashfeenahmed/.npm/_locks/cordova-fa12e2e096426a32.lock for /usr/local/lib/node_modules/cordova
63 verbose stack Error: EACCES, rmdir '/usr/local/lib/node_modules/cordova'
63 verbose stack     at Error (native)
64 verbose cwd /Users/tashfeenahmed/Desktop/baby-plus-app
65 error Darwin 15.0.0
66 error argv "node" "/usr/local/bin/npm" "install" "-g" "cordova@3.5.0-0.2.6"
67 error node v0.12.7
68 error npm  v2.11.3
69 error path /usr/local/lib/node_modules/cordova
70 error code EACCES
71 error errno -13
72 error Error: EACCES, rmdir '/usr/local/lib/node_modules/cordova'
72 error     at Error (native)
72 error  { [Error: EACCES, rmdir '/usr/local/lib/node_modules/cordova']
72 error   errno: -13,
72 error   code: 'EACCES',
72 error   path: '/usr/local/lib/node_modules/cordova' }
73 error Please try running this command again as root/Administrator.
74 verbose exit [ -13, true ]
75 verbose unbuild lib/node_modules/cordova
76 info preuninstall cordova@5.4.1
77 info uninstall cordova@5.4.1
78 verbose unbuild rmStuff cordova@5.4.1 from /usr/local/lib/node_modules
79 silly gentlyRm /usr/local/bin/cordova is being gently removed
80 silly gentlyRm verifying /usr/local is an npm working directory
81 silly gentlyRm containing path /usr/local is under npm's control, in /usr/local
82 silly gentlyRm deletion target /usr/local/bin/cordova is under /usr/local
83 verbose gentlyRm vacuuming from /usr/local/bin/cordova up to /usr/local
84 info postuninstall cordova@5.4.1
85 silly gentlyRm /usr/local/lib/node_modules/cordova is being purged from base /usr/local
86 verbose gentlyRm don't care about contents; nuking /usr/local/lib/node_modules/cordova
87 silly vacuum-fs purging /usr/local/lib/node_modules/cordova
88 error error rolling back Error: EACCES, rmdir '/usr/local/lib/node_modules/cordova'
88 error error rolling back     at Error (native)
88 error error rolling back  { [Error: EACCES, rmdir '/usr/local/lib/node_modules/cordova']
88 error error rolling back   errno: -13,
88 error error rolling back   code: 'EACCES',
88 error error rolling back   path: '/usr/local/lib/node_modules/cordova' }
